# Octopus parser started
ExperimentalFeatures = 0		# default
Debug = 0		# default
ReportMemory = 0		# default
CalculationMode = 1
stdout = "-"		# default
stderr = "-"		# default
WorkDir = "."		# default
FlushMessages = 0		# default
ProfilingMode = 0		# default
FFTOptimize = 1		# default
FFTPreparePlan = 0		# default
UnitsInput = 0		# default
UnitsOutput = 0		# default
UnitsXYZFiles = 0		# default
DisableOpenCL = 1		# default
Dimensions = 1
Opened block 'Coordinates'
  Coordinates (0, 0) = "X"
  Coordinates (0, 1) = 0
Closed block 'Coordinates'
PseudopotentialSet = 1		# default
Opened block 'Species'
  Species (0, 0) = "X"
  Species (0, 1) = -123
  Species (0, 2) = -10012
  Species (0, 3) = "0.5*x^2"
  Species (0, 4) = -10006
  Species (0, 5) = 2
Closed block 'Species'
SpinComponents = 1		# default
SpeciesTimeDependent = 0		# default
PeriodicDimensions = 0		# default
BoxShape = 3		# default
Radius = 10
SymmetriesCompute = 1		# default
KPointsUseSymmetries = 0		# default
KPointsUseTimeReversal = 1		# default
SpinComponents = 1		# default
ExcessCharge = 0		# default
TotalStates = 0		# default
ExtraStates = 4
StatesBlockSize = 4		# default
ComplexScaling = 0		# default
ComplexScalingRotateSpectrum = 0		# default
ComplexScalingPenalizationFactor = 2		# default
ComplexScalingLocalizedStates = 0		# default
ComplexScalingLocalizationThreshold = 1		# default
ComplexScalingAlpha = 0		# default
ComplexScalingAlphaLeft = 0		# default
ComplexScalingLocalizationRadius = 0		# default
OnlyUserDefinedInitialStates = 0		# default
RestartFixedOccupations = 0		# default
SmearingFunction = 1		# default
NParticleModelmb = 0		# default
SymmetrizeDensity = 0		# default
Spacing = 0.1
CurvMethod = 1		# default
DerivativesStencil = 1		# default
DerivativesOrder = 4		# default
DoubleGridOrder = 9		# default
ParDomains = -1		# default
ParStates = 0		# default
ParKPoints = 0		# default
ParOther = 0		# default
MeshOrder = 1		# default
OperateDouble = 1		# default
OperateComplex = 1		# default
OperateSingle = 0		# default
OperateComplexSingle = 0		# default
NLOperatorCompactBoundaries = 0		# default
Output = 4
OutputWfsNumber = "1-5"
OutputInterval = 50		# default
OutputDuringSCF = 0		# default
OutputIterDir = "output_iter"		# default
RestartWriteInterval = 50		# default
OutputFormat = 1
StatesPack = 0		# default
StatesOrthogonalization = 1		# default
StatesCLDeviceMemory = -512		# default
ELFWithCurrentTerm = 1		# default
PoissonSolver = 0		# default
FFTLibrary = 1		# default
PoissonFFTKernel = 0		# default
DoubleFFTParameter = 2		# default
FFTLibrary = 1		# default
Poisson1DSoftCoulombParam = 1		# default
PoissonCutoffRadius = 20.25		# default
TheoryLevel = 2
XCFunctional = 0		# default
XCKernel = 0		# default
XCKernelLRCAlpha = 0		# default
XCDensityCorrection = 0		# default
XCParallel = 0		# default
CurrentDensity = 2		# default
VDWCorrection = 0		# default
ParticleMass = 1		# default
RashbaSpinOrbitCoupling = 0		# default
FilterPotentials = 2		# default
TDDeltaKickTime = 0		# default
TDDeltaStrength = 0		# default
GyromagneticRatio = 2.00232		# default
RelativisticCorrection = 0		# default
IgnoreExternalIons = 0		# default
ForceTotalEnforce = 0		# default
EwaldAlpha = 0.21		# default
CalculateSelfInducedMagneticField = 0		# default
AbsorbingBoundaries = 0		# default
StatesPack = 1		# default
PCMCalculation = 0		# default
scdm_EXX = 0		# default
TimeZero = 0		# default
FromScratch = 0		# default
ForceComplex = 0		# default
MaximumIter = 200		# default
ConvAbsDens = 0		# default
ConvRelDens = 1e-05		# default
ConvAbsEv = 0		# default
ConvRelEv = 0		# default
ConvForce = 0		# default
ConvEigenError = 0		# default
MixField = 0		# default
Eigensolver = 5		# default
EigensolverTolerance = 1e-06		# default
EigensolverMaxIter = 25		# default
Preconditioner = 1		# default
SubspaceDiagonalization = 1		# default
SCFinLCAO = 0		# default
SCFCalculateForces = 0		# default
SCFCalculateDipole = 1		# default
SCFCalculatePartialCharges = 0		# default
LocalMagneticMomentsSphereRadius = 50		# default
LCAOStart = 0		# default
RestartWrite = 1		# default
# Octopus parser ended
